TN:
SF:src\applications\security\AuthenticationTokenManager.js
FN:2,(anonymous_0)
FN:6,(anonymous_1)
FN:10,(anonymous_2)
FN:14,(anonymous_3)
FNF:4
FNH:4
FNDA:1,(anonymous_0)
FNDA:1,(anonymous_1)
FNDA:1,(anonymous_2)
FNDA:1,(anonymous_3)
DA:3,1
DA:7,1
DA:11,1
DA:15,1
DA:19,2
LF:5
LH:5
BRF:0
BRH:0
end_of_record
TN:
SF:src\applications\security\PasswordHash.js
FN:2,(anonymous_0)
FN:6,(anonymous_1)
FNF:2
FNH:2
FNDA:1,(anonymous_0)
FNDA:1,(anonymous_1)
DA:3,1
DA:7,1
DA:11,4
LF:3
LH:3
BRF:0
BRH:0
end_of_record
TN:
SF:src\applications\use_case\AddTicketUseCase.js
FN:4,(anonymous_0)
FN:8,(anonymous_1)
FN:15,(anonymous_2)
FNF:3
FNH:3
FNDA:3,(anonymous_0)
FNDA:3,(anonymous_1)
FNDA:3,(anonymous_2)
DA:1,1
DA:5,3
DA:9,3
DA:10,1
DA:12,1
DA:16,3
DA:17,1
DA:20,2
DA:21,1
DA:26,1
LF:10
LH:10
BRDA:16,0,0,1
BRDA:16,0,1,2
BRDA:20,1,0,1
BRDA:20,1,1,1
BRF:4
BRH:4
end_of_record
TN:
SF:src\applications\use_case\AddUserUseCase.js
FN:4,(anonymous_0)
FN:10,(anonymous_1)
FNF:2
FNH:2
FNDA:2,(anonymous_0)
FNDA:2,(anonymous_1)
DA:1,1
DA:5,2
DA:6,2
DA:7,2
DA:11,2
DA:16,1
DA:17,1
DA:18,1
DA:22,1
LF:9
LH:9
BRF:0
BRH:0
end_of_record
TN:
SF:src\applications\use_case\DeleteTicketUseCase.js
FN:2,(anonymous_0)
FN:6,(anonymous_1)
FN:13,(anonymous_2)
FNF:3
FNH:3
FNDA:3,(anonymous_0)
FNDA:3,(anonymous_1)
FNDA:3,(anonymous_2)
DA:3,3
DA:7,3
DA:8,1
DA:9,1
DA:10,1
DA:14,3
DA:15,1
DA:18,2
DA:19,1
DA:24,1
LF:10
LH:10
BRDA:14,0,0,1
BRDA:14,0,1,2
BRDA:14,1,0,3
BRDA:14,1,1,2
BRDA:18,2,0,1
BRDA:18,2,1,1
BRDA:18,3,0,2
BRDA:18,3,1,1
BRF:8
BRH:8
end_of_record
TN:
SF:src\applications\use_case\GetAllTicketUseCase.js
FN:2,(anonymous_0)
FN:6,(anonymous_1)
FN:12,(anonymous_2)
FNF:3
FNH:3
FNDA:3,(anonymous_0)
FNDA:3,(anonymous_1)
FNDA:3,(anonymous_2)
DA:3,3
DA:7,3
DA:9,1
DA:13,3
DA:14,1
DA:17,2
DA:18,1
DA:23,1
LF:8
LH:8
BRDA:13,0,0,1
BRDA:13,0,1,2
BRDA:17,1,0,1
BRDA:17,1,1,1
BRF:4
BRH:4
end_of_record
TN:
SF:src\applications\use_case\GetTicketUseCase.js
FN:2,(anonymous_0)
FN:6,(anonymous_1)
FN:14,(anonymous_2)
FNF:3
FNH:3
FNDA:5,(anonymous_0)
FNDA:5,(anonymous_1)
FNDA:5,(anonymous_2)
DA:3,5
DA:7,5
DA:9,1
DA:10,1
DA:11,1
DA:15,5
DA:16,2
DA:19,3
DA:20,2
DA:25,1
LF:10
LH:10
BRDA:15,0,0,2
BRDA:15,0,1,3
BRDA:15,1,0,5
BRDA:15,1,1,4
BRDA:19,2,0,2
BRDA:19,2,1,1
BRDA:19,3,0,3
BRDA:19,3,1,2
BRF:8
BRH:8
end_of_record
TN:
SF:src\applications\use_case\LoginUserUseCase.js
FN:7,(anonymous_0)
FN:21,(anonymous_1)
FNF:2
FNH:2
FNDA:1,(anonymous_0)
FNDA:1,(anonymous_1)
DA:3,1
DA:4,1
DA:14,1
DA:15,1
DA:16,1
DA:17,1
DA:18,1
DA:22,1
DA:25,1
DA:26,1
DA:27,1
DA:28,1
DA:29,1
DA:31,1
DA:36,1
DA:38,1
DA:42,1
LF:17
LH:17
BRF:0
BRH:0
end_of_record
TN:
SF:src\applications\use_case\LogoutUserUseCase.js
FN:2,(anonymous_0)
FN:7,(anonymous_1)
FN:15,(anonymous_2)
FNF:3
FNH:3
FNDA:3,(anonymous_0)
FNDA:3,(anonymous_1)
FNDA:3,(anonymous_2)
DA:3,3
DA:4,3
DA:8,3
DA:10,1
DA:11,1
DA:12,1
DA:16,3
DA:17,3
DA:18,1
DA:21,2
DA:22,1
DA:27,1
LF:12
LH:12
BRDA:17,0,0,1
BRDA:17,0,1,2
BRDA:21,1,0,1
BRDA:21,1,1,1
BRF:4
BRH:4
end_of_record
TN:
SF:src\applications\use_case\RefreshAuthenticationUseCase.js
FN:2,(anonymous_0)
FN:7,(anonymous_1)
FN:18,(anonymous_2)
FNF:3
FNH:3
FNDA:3,(anonymous_0)
FNDA:3,(anonymous_1)
FNDA:3,(anonymous_2)
DA:3,3
DA:4,3
DA:8,3
DA:9,1
DA:11,1
DA:12,1
DA:13,1
DA:15,1
DA:19,3
DA:21,3
DA:22,1
DA:25,2
DA:26,1
DA:31,1
LF:14
LH:14
BRDA:21,0,0,1
BRDA:21,0,1,2
BRDA:25,1,0,1
BRDA:25,1,1,1
BRF:4
BRH:4
end_of_record
TN:
SF:src\applications\use_case\UpdateStatusTicketUseCase.js
FN:4,(anonymous_0)
FN:9,(anonymous_1)
FN:20,(anonymous_2)
FNF:3
FNH:3
FNDA:2,(anonymous_0)
FNDA:2,(anonymous_1)
FNDA:2,(anonymous_2)
DA:1,1
DA:5,2
DA:6,2
DA:10,2
DA:11,0
DA:14,0
DA:17,0
DA:21,2
DA:22,1
DA:25,1
DA:26,1
DA:31,1
LF:12
LH:9
BRDA:21,0,0,1
BRDA:21,0,1,1
BRDA:25,1,0,1
BRDA:25,1,1,0
BRF:4
BRH:3
end_of_record
TN:
SF:src\commons\date\convertDate.js
FN:1,(anonymous_0)
FNF:1
FNH:1
FNDA:1,(anonymous_0)
DA:1,1
DA:2,1
DA:3,1
LF:3
LH:3
BRF:0
BRH:0
end_of_record
TN:
SF:src\commons\exceptions\AuthenticationError.js
FN:4,(anonymous_0)
FNF:1
FNH:1
FNDA:20,(anonymous_0)
DA:1,3
DA:5,20
DA:6,20
DA:10,3
LF:4
LH:4
BRF:0
BRH:0
end_of_record
TN:
SF:src\commons\exceptions\AuthorizationError.js
FN:4,(anonymous_0)
FNF:1
FNH:1
FNDA:3,(anonymous_0)
DA:1,2
DA:5,3
DA:6,3
DA:10,2
LF:4
LH:4
BRF:0
BRH:0
end_of_record
TN:
SF:src\commons\exceptions\ClientError.js
FN:2,(anonymous_0)
FNF:1
FNH:1
FNDA:54,(anonymous_0)
DA:3,54
DA:5,54
DA:6,1
DA:9,53
DA:10,53
DA:14,9
LF:6
LH:6
BRDA:2,0,0,30
BRDA:5,1,0,1
BRDA:5,1,1,53
BRF:3
BRH:3
end_of_record
TN:
SF:src\commons\exceptions\DomainErrorTranslator.js
FN:4,(anonymous_0)
FNF:1
FNH:1
FNDA:5,(anonymous_0)
DA:1,1
DA:3,1
DA:5,5
DA:9,1
DA:34,1
LF:5
LH:5
BRDA:5,0,0,5
BRDA:5,0,1,1
BRF:2
BRH:2
end_of_record
TN:
SF:src\commons\exceptions\InvariantError.js
FN:4,(anonymous_0)
FNF:1
FNH:1
FNDA:29,(anonymous_0)
DA:1,3
DA:5,29
DA:7,29
DA:11,3
LF:4
LH:4
BRF:0
BRH:0
end_of_record
TN:
SF:src\commons\exceptions\NotFoundError.js
FN:4,(anonymous_0)
FNF:1
FNH:1
FNDA:1,(anonymous_0)
DA:1,1
DA:5,1
DA:6,1
DA:10,1
LF:4
LH:4
BRF:0
BRH:0
end_of_record
TN:
SF:src\commons\middlewares\auth.js
FN:6,(anonymous_0)
FN:24,(anonymous_1)
FNF:2
FNH:2
FNDA:5,(anonymous_0)
FNDA:6,(anonymous_1)
DA:1,1
DA:2,1
DA:3,1
DA:4,1
DA:6,1
DA:7,5
DA:8,5
DA:9,4
DA:10,1
DA:12,4
DA:13,2
DA:14,2
DA:18,1
DA:20,4
DA:24,1
DA:25,6
DA:26,6
DA:27,5
DA:28,1
DA:30,5
DA:31,4
DA:33,4
DA:34,1
DA:37,2
DA:41,2
DA:43,4
LF:26
LH:26
BRDA:9,0,0,1
BRDA:9,0,1,3
BRDA:27,1,0,1
BRDA:27,1,1,4
BRDA:33,2,0,1
BRDA:33,2,1,1
BRF:6
BRH:6
end_of_record
TN:
SF:src\domains\authentications\AuthenticationRepository.js
FN:2,(anonymous_0)
FN:6,(anonymous_1)
FN:10,(anonymous_2)
FNF:3
FNH:3
FNDA:1,(anonymous_0)
FNDA:1,(anonymous_1)
FNDA:1,(anonymous_2)
DA:3,1
DA:7,1
DA:11,1
DA:15,3
LF:4
LH:4
BRF:0
BRH:0
end_of_record
TN:
SF:src\domains\authentications\entities\NewAuth.js
FN:2,(anonymous_0)
FN:8,(anonymous_1)
FNF:2
FNH:2
FNDA:6,(anonymous_0)
FNDA:6,(anonymous_1)
DA:3,6
DA:4,4
DA:5,4
DA:9,6
DA:11,6
DA:12,1
DA:15,5
DA:16,1
DA:21,2
LF:9
LH:9
BRDA:11,0,0,1
BRDA:11,0,1,5
BRDA:11,1,0,6
BRDA:11,1,1,6
BRDA:15,2,0,1
BRDA:15,2,1,4
BRDA:15,3,0,5
BRDA:15,3,1,4
BRF:8
BRH:8
end_of_record
TN:
SF:src\domains\notifications\NotificationRepository.js
FN:2,(anonymous_0)
FN:6,(anonymous_1)
FN:10,(anonymous_2)
FNF:3
FNH:3
FNDA:1,(anonymous_0)
FNDA:1,(anonymous_1)
FNDA:1,(anonymous_2)
DA:3,1
DA:7,1
DA:11,1
DA:15,2
LF:4
LH:4
BRF:0
BRH:0
end_of_record
TN:
SF:src\domains\ticket\TicketRepository.js
FN:2,(anonymous_0)
FN:6,(anonymous_1)
FN:10,(anonymous_2)
FN:14,(anonymous_3)
FN:18,(anonymous_4)
FN:22,(anonymous_5)
FN:26,(anonymous_6)
FN:30,(anonymous_7)
FNF:8
FNH:8
FNDA:1,(anonymous_0)
FNDA:1,(anonymous_1)
FNDA:1,(anonymous_2)
FNDA:1,(anonymous_3)
FNDA:1,(anonymous_4)
FNDA:1,(anonymous_5)
FNDA:1,(anonymous_6)
FNDA:1,(anonymous_7)
DA:3,1
DA:7,1
DA:11,1
DA:15,1
DA:19,1
DA:23,1
DA:27,1
DA:31,1
DA:35,4
LF:9
LH:9
BRF:0
BRH:0
end_of_record
TN:
SF:src\domains\ticket\entities\NewTicket.js
FN:2,(anonymous_0)
FN:10,(anonymous_1)
FNF:2
FNH:2
FNDA:4,(anonymous_0)
FNDA:4,(anonymous_1)
DA:3,4
DA:4,2
DA:5,2
DA:6,2
DA:7,2
DA:11,4
DA:13,4
DA:14,1
DA:17,3
DA:18,1
DA:23,1
LF:11
LH:11
BRDA:7,0,0,2
BRDA:7,0,1,1
BRDA:13,1,0,1
BRDA:13,1,1,3
BRDA:13,2,0,4
BRDA:13,2,1,3
BRDA:17,3,0,1
BRDA:17,3,1,2
BRDA:17,4,0,3
BRDA:17,4,1,2
BRF:10
BRH:10
end_of_record
TN:
SF:src\domains\ticket\entities\UpdateStatusTicket.js
FN:3,(anonymous_0)
FN:8,(anonymous_1)
FNF:2
FNH:2
FNDA:4,(anonymous_0)
FNDA:4,(anonymous_1)
DA:4,4
DA:5,1
DA:9,4
DA:11,4
DA:12,1
DA:15,3
DA:16,1
DA:19,2
DA:20,1
DA:25,2
LF:10
LH:10
BRDA:11,0,0,1
BRDA:11,0,1,3
BRDA:15,1,0,1
BRDA:15,1,1,2
BRDA:19,2,0,1
BRDA:19,2,1,1
BRDA:19,3,0,2
BRDA:19,3,1,1
BRDA:19,3,2,1
BRDA:19,3,3,1
BRF:10
BRH:10
end_of_record
TN:
SF:src\domains\user\UserRepository.js
FN:2,(anonymous_0)
FN:6,(anonymous_1)
FN:10,(anonymous_2)
FN:14,(anonymous_3)
FN:18,(anonymous_4)
FNF:5
FNH:5
FNDA:1,(anonymous_0)
FNDA:1,(anonymous_1)
FNDA:1,(anonymous_2)
FNDA:1,(anonymous_3)
FNDA:1,(anonymous_4)
DA:3,1
DA:7,1
DA:11,1
DA:15,1
DA:19,1
DA:23,3
LF:6
LH:6
BRF:0
BRH:0
end_of_record
TN:
SF:src\domains\user\entities\UserLogin.js
FN:2,(anonymous_0)
FN:10,(anonymous_1)
FNF:2
FNH:2
FNDA:4,(anonymous_0)
FNDA:4,(anonymous_1)
DA:3,4
DA:5,2
DA:6,2
DA:7,2
DA:11,4
DA:12,1
DA:15,3
DA:16,1
DA:21,2
LF:9
LH:9
BRDA:11,0,0,1
BRDA:11,0,1,3
BRDA:11,1,0,4
BRDA:11,1,1,3
BRDA:15,2,0,1
BRDA:15,2,1,2
BRDA:15,3,0,3
BRDA:15,3,1,3
BRF:8
BRH:8
end_of_record
TN:
SF:src\domains\user\entities\UserRegister.js
FN:2,(anonymous_0)
FN:14,(anonymous_1)
FNF:2
FNH:2
FNDA:6,(anonymous_0)
FNDA:6,(anonymous_1)
DA:3,6
DA:6,3
DA:8,3
DA:9,3
DA:10,3
DA:11,3
DA:17,6
DA:18,1
DA:21,5
DA:22,1
DA:25,4
DA:26,1
DA:31,2
LF:13
LH:13
BRDA:11,0,0,3
BRDA:11,0,1,3
BRDA:17,1,0,1
BRDA:17,1,1,5
BRDA:17,2,0,6
BRDA:17,2,1,5
BRDA:17,2,2,5
BRDA:21,3,0,1
BRDA:21,3,1,4
BRDA:21,4,0,5
BRDA:21,4,1,4
BRDA:21,4,2,4
BRDA:25,5,0,1
BRDA:25,5,1,3
BRF:14
BRH:14
end_of_record
TN:
SF:src\domains\user\validators\EmailValidator.js
FN:2,(anonymous_0)
FNF:1
FNH:1
FNDA:10,(anonymous_0)
DA:3,10
DA:4,10
DA:6,10
DA:7,5
DA:12,3
LF:5
LH:5
BRDA:6,0,0,5
BRDA:6,0,1,5
BRF:2
BRH:2
end_of_record
TN:
SF:src\infrastructures\database\models\Authentication.js
FNF:0
FNH:0
DA:1,1
DA:3,1
DA:10,1
LF:3
LH:3
BRF:0
BRH:0
end_of_record
TN:
SF:src\infrastructures\repository\AuthenticationRepositoryMongoDB.js
FN:6,(anonymous_0)
FN:10,(anonymous_1)
FN:18,(anonymous_2)
FNF:3
FNH:1
FNDA:0,(anonymous_0)
FNDA:2,(anonymous_1)
FNDA:0,(anonymous_2)
DA:1,1
DA:2,1
DA:3,1
DA:7,0
DA:11,2
DA:13,2
DA:14,1
DA:19,0
DA:23,1
LF:9
LH:7
BRDA:13,0,0,1
BRDA:13,0,1,1
BRF:2
BRH:2
end_of_record
TN:
SF:src\infrastructures\security\BcryptPasswordHash.js
FN:7,(anonymous_0)
FN:11,(anonymous_1)
FNF:2
FNH:2
FNDA:2,(anonymous_0)
FNDA:2,(anonymous_1)
DA:2,1
DA:3,1
DA:4,1
DA:8,2
DA:12,2
DA:13,2
DA:14,1
DA:19,1
LF:8
LH:8
BRDA:13,0,0,1
BRDA:13,0,1,1
BRF:2
BRH:2
end_of_record
